-------------------------------------------------------------------------------
Test set: net.guides.todo.todomanagementspringboot2.TodoManagementSpringBoot2ApplicationTests
-------------------------------------------------------------------------------
Tests run: 1, Failures: 0, Errors: 1, Skipped: 0, Time elapsed: 0.878 s <<< FAILURE! - in net.guides.todo.todomanagementspringboot2.TodoManagementSpringBoot2ApplicationTests
initializationError(net.guides.todo.todomanagementspringboot2.TodoManagementSpringBoot2ApplicationTests)  Time elapsed: 0.012 s  <<< ERROR!
java.lang.IllegalStateException: Unable to find a @SpringBootConfiguration, you need to use @ContextConfiguration or @SpringBootTest(classes=...) with your test

